INFO: Header : Author::Unknown
INFO: Header : Authorization::Unknown
INFO: Header : Description::Unknown
INFO: Header : File Name::C:\Users\dand\Desktop\temp\ExportCad\singlets\STEP_32014.STP
INFO: Header : Implementation Level::1
INFO: Header : Organization::Unknown
INFO: Header : Originating System::HarmonyWare Translators
INFO: Header : Preprocessor Version::HarmonyWare STEP v2.0.2
INFO: Header : Schema::CONFIG_CONTROL_DESIGN
INFO: Header : Time Stamp::2016-12-13T16:09:08
INFO: Begin CAD File Read 'C:/Users/alenz/OneDrive/Documents/GitHub/Camera-Bubble/12.5fl.stp'

INFO:       Summary of STEP Entities
INFO: 
INFO: Entity Type                                                   Count
INFO: -----------                                                   ------
INFO: advanced_brep_shape_representation .......................:   1
INFO: advanced_face ............................................:   3
INFO: application_context ......................................:   1
INFO: application_protocol_definition ..........................:   1
INFO: applied_approval_assignment ..............................:   3
INFO: applied_date_and_time_assignment .........................:   2
INFO: applied_person_and_organization_assignment ...............:   5
INFO: applied_security_classification_assignment ...............:   1
INFO: approval .................................................:   3
INFO: approval_date_time .......................................:   3
INFO: approval_person_organization .............................:   3
INFO: approval_role ............................................:   3
INFO: approval_status ..........................................:   3
INFO: axis2_placement_3d .......................................:   3
INFO: b_spline_curve_with_knots ................................:   1
INFO: b_spline_curve_with_knots_and_rational_b_spline_curve ....:   2
INFO: calendar_date ............................................:   5
INFO: cartesian_point ..........................................:   25
INFO: closed_shell .............................................:   1
INFO: coordinated_universal_time_offset ........................:   5
INFO: cylindrical_surface ......................................:   1
INFO: date_and_time ............................................:   5
INFO: date_time_role ...........................................:   2
INFO: direction ................................................:   6
INFO: edge_curve ...............................................:   3
INFO: edge_loop ................................................:   3
INFO: face_outer_bound .........................................:   3
INFO: geometric_representation_context_and_global_uncertainty_a :   1
INFO: length_unit_and_si_unit ..................................:   1
INFO: local_time ...............................................:   5
INFO: manifold_solid_brep ......................................:   1
INFO: organization .............................................:   8
INFO: oriented_edge ............................................:   6
INFO: person ...................................................:   8
INFO: person_and_organization ..................................:   8
INFO: person_and_organization_role .............................:   5
INFO: plane_angle_unit_and_si_unit .............................:   1
INFO: presentation_layer_assignment ............................:   1
INFO: product ..................................................:   1
INFO: product_context ..........................................:   1
INFO: product_definition .......................................:   1
INFO: product_definition_context ...............................:   1
INFO: product_definition_formation_with_specified_source .......:   1
INFO: product_definition_shape .................................:   1
INFO: product_related_product_category .........................:   1
INFO: security_classification ..................................:   1
INFO: security_classification_level ............................:   1
INFO: shape_definition_representation ..........................:   1
INFO: si_unit_and_solid_angle_unit .............................:   1
INFO: spherical_surface ........................................:   2
INFO: uncertainty_measure_with_unit ............................:   1
INFO: vertex_point .............................................:   2
INFO:                                                              -------
INFO: Total                                                         158
